Using pre-set license
Built from '2020.3/staging' branch; Version is '2020.3.0f1 (c7b5465681fb) revision 13088070'; Using compiler version '192528614'; Build Type 'Release'
OS: 'Windows 10 Home; OS build 19042.867; Version 2009; 64bit' Language: 'en' Physical Memory: 10169 MB
BatchMode: 1, IsHumanControllingUs: 0, StartBugReporterOnCrash: 0, Is64bit: 1, IsPro: 0

 COMMAND LINE ARGUMENTS:
C:\Program Files\Unity\Hub\Editor\2020.3.0f1\Editor\Unity.exe
-adb2
-batchMode
-noUpm
-name
AssetImportWorker0
-projectPath
D:/Projects/Unity/RomanGladiator
-logFile
Logs/AssetImportWorker0.log
-srvPort
57311
Successfully changed project path to: D:/Projects/Unity/RomanGladiator
D:/Projects/Unity/RomanGladiator
Using Asset Import Pipeline V2.
Refreshing native plugins compatible for Editor in 31.24 ms, found 0 plugins.
Preloading 0 native plugins for Editor in 0.00 ms.
Initialize engine version: 2020.3.0f1 (c7b5465681fb)
[Subsystems] Discovering subsystems at path C:/Program Files/Unity/Hub/Editor/2020.3.0f1/Editor/Data/Resources/UnitySubsystems
[Subsystems] Discovering subsystems at path D:/Projects/Unity/RomanGladiator/Assets
GfxDevice: creating device client; threaded=0
Direct3D:
    Version:  Direct3D 11.0 [level 11.1]
    Renderer: AMD Radeon(TM) RX Vega 11 Graphics (ID=0x15d8)
    Vendor:   
    VRAM:     5084 MB
    Driver:   27.20.1034.6
Initialize mono
Mono path[0] = 'C:/Program Files/Unity/Hub/Editor/2020.3.0f1/Editor/Data/Managed'
Mono path[1] = 'C:/Program Files/Unity/Hub/Editor/2020.3.0f1/Editor/Data/MonoBleedingEdge/lib/mono/unityjit'
Mono config path = 'C:/Program Files/Unity/Hub/Editor/2020.3.0f1/Editor/Data/MonoBleedingEdge/etc'
Using monoOptions --debugger-agent=transport=dt_socket,embedding=1,server=y,suspend=n,address=127.0.0.1:56288
Begin MonoManager ReloadAssembly
Registering precompiled unity dll's ...
Register platform support module: C:/Program Files/Unity/Hub/Editor/2020.3.0f1/Editor/Data/PlaybackEngines/WebGLSupport/UnityEditor.WebGL.Extensions.dll
Register platform support module: C:/Program Files/Unity/Hub/Editor/2020.3.0f1/Editor/Data/PlaybackEngines/MacStandaloneSupport/UnityEditor.OSXStandalone.Extensions.dll
Register platform support module: C:/Program Files/Unity/Hub/Editor/2020.3.0f1/Editor/Data/PlaybackEngines/WindowsStandaloneSupport/UnityEditor.WindowsStandalone.Extensions.dll
Register platform support module: C:/Program Files/Unity/Hub/Editor/2020.3.0f1/Editor/Data/PlaybackEngines/LinuxStandaloneSupport/UnityEditor.LinuxStandalone.Extensions.dll
Registered in 0.004403 seconds.
Native extension for LinuxStandalone target not found
Native extension for WindowsStandalone target not found
Native extension for OSXStandalone target not found
Native extension for WebGL target not found
Refreshing native plugins compatible for Editor in 27.06 ms, found 0 plugins.
Preloading 0 native plugins for Editor in 0.00 ms.
Invoked RoslynAnalysisRunner static constructor.
RoslynAnalysisRunner will not be running.
RoslynAnalysisRunner has terminated.
Mono: successfully reloaded assembly
- Completed reload, in  1.709 seconds
Platform modules already initialized, skipping
Registering precompiled user dll's ...
Registered in 0.001026 seconds.
Begin MonoManager ReloadAssembly
Native extension for LinuxStandalone target not found
Native extension for WindowsStandalone target not found
Native extension for OSXStandalone target not found
Native extension for WebGL target not found
Refreshing native plugins compatible for Editor in 0.25 ms, found 0 plugins.
Preloading 0 native plugins for Editor in 0.00 ms.
Invoked RoslynAnalysisRunner static constructor.
RoslynAnalysisRunner will not be running.
RoslynAnalysisRunner has terminated.
Mono: successfully reloaded assembly
- Completed reload, in  1.042 seconds
Platform modules already initialized, skipping
========================================================================
Worker process is ready to serve import requests
Launched and connected shader compiler UnityShaderCompiler.exe after 0.04 seconds
Refreshing native plugins compatible for Editor in 0.39 ms, found 0 plugins.
Preloading 0 native plugins for Editor in 0.00 ms.
Unloading 1113 Unused Serialized files (Serialized files now loaded: 0)
System memory in use before: 57.2 MB.
System memory in use after: 57.2 MB.

Unloading 10 unused Assets to reduce memory usage. Loaded Objects now: 1556.
Total: 3.351700 ms (FindLiveObjects: 0.236300 ms CreateObjectMapping: 0.043200 ms MarkObjects: 2.942000 ms  DeleteObjects: 0.128100 ms)

========================================================================
Received Import Request.
  path: Assets/Textures/Prototype/Sample.png
  artifactKey: Guid(6cb0cf6969092e84da9a8a0d6711c52a) Importer(815301076,1909f56bfc062723c751e8b465ee728b)
Start importing Assets/Textures/Prototype/Sample.png using Guid(6cb0cf6969092e84da9a8a0d6711c52a) Importer(815301076,1909f56bfc062723c751e8b465ee728b)  -> (artifact id: '2ada671e2307738ec1d5541c7abc3ed7') in 0.077666 seconds
  Import took 0.079950 seconds .

========================================================================
Received Import Request.
  Time since last request: 0.000332 seconds.
  path: Assets/Textures/Prototype
  artifactKey: Guid(fd0402ca53370994789e6c77efaf4781) Importer(815301076,1909f56bfc062723c751e8b465ee728b)
Start importing Assets/Textures/Prototype using Guid(fd0402ca53370994789e6c77efaf4781) Importer(815301076,1909f56bfc062723c751e8b465ee728b)  -> (artifact id: 'f5946f4894574f7eae1ea4b151e180b2') in 0.013359 seconds
  Import took 0.015557 seconds .

========================================================================
Received Import Request.
  Time since last request: 0.000212 seconds.
  path: Assets/Textures/Prototype/Preview.png
  artifactKey: Guid(5198319de6e526e418b6666d9a00d4ff) Importer(815301076,1909f56bfc062723c751e8b465ee728b)
Start importing Assets/Textures/Prototype/Preview.png using Guid(5198319de6e526e418b6666d9a00d4ff) Importer(815301076,1909f56bfc062723c751e8b465ee728b)  -> (artifact id: '3106115a3e4581d641c9fd235a514be7') in 0.021600 seconds
  Import took 0.024244 seconds .

========================================================================
Received Import Request.
  Time since last request: 0.000323 seconds.
  path: Assets/Textures/Prototype/PNG
  artifactKey: Guid(54e58ab3b6513804295b450527073c20) Importer(815301076,1909f56bfc062723c751e8b465ee728b)
Start importing Assets/Textures/Prototype/PNG using Guid(54e58ab3b6513804295b450527073c20) Importer(815301076,1909f56bfc062723c751e8b465ee728b)  -> (artifact id: '42ccc65ceb945d6dd1b62d5f5de73e51') in 0.018502 seconds
  Import took 0.020790 seconds .

========================================================================
Received Import Request.
  Time since last request: 0.005515 seconds.
  path: Assets/Textures/Prototype/PNG
  artifactKey: Guid(54e58ab3b6513804295b450527073c20) Importer(815301076,1909f56bfc062723c751e8b465ee728b)
Start importing Assets/Textures/Prototype/PNG using Guid(54e58ab3b6513804295b450527073c20) Importer(815301076,1909f56bfc062723c751e8b465ee728b)  -> (artifact id: '42ccc65ceb945d6dd1b62d5f5de73e51') in 0.004125 seconds
  Import took 0.009683 seconds .

========================================================================
Received Import Request.
  Time since last request: 0.309138 seconds.
  path: Assets/Textures/Prototype/PNG/Green
  artifactKey: Guid(906628c1fa0428b498209aaae6cb6586) Importer(815301076,1909f56bfc062723c751e8b465ee728b)
Start importing Assets/Textures/Prototype/PNG/Green using Guid(906628c1fa0428b498209aaae6cb6586) Importer(815301076,1909f56bfc062723c751e8b465ee728b)  -> (artifact id: '75fed21201bce771c9c6ae0e7190cd92') in 0.008469 seconds
  Import took 0.010768 seconds .

========================================================================
Received Import Request.
  Time since last request: 0.065272 seconds.
  path: Assets/Textures/Prototype/PNG/Green/texture_01.png
  artifactKey: Guid(96702cb99f9849e4f92f08ec7a3eca8a) Importer(815301076,1909f56bfc062723c751e8b465ee728b)
Start importing Assets/Textures/Prototype/PNG/Green/texture_01.png using Guid(96702cb99f9849e4f92f08ec7a3eca8a) Importer(815301076,1909f56bfc062723c751e8b465ee728b)  -> (artifact id: '7ccca8a109c78208e6558d4fcec25ff0') in 0.023139 seconds
  Import took 0.025643 seconds .

========================================================================
Received Import Request.
  Time since last request: 0.000200 seconds.
  path: Assets/Textures/Prototype/PNG/Green/texture_07.png
  artifactKey: Guid(bcdd7046e7df0c340bcfb6bb87da2662) Importer(815301076,1909f56bfc062723c751e8b465ee728b)
Start importing Assets/Textures/Prototype/PNG/Green/texture_07.png using Guid(bcdd7046e7df0c340bcfb6bb87da2662) Importer(815301076,1909f56bfc062723c751e8b465ee728b)  -> (artifact id: '148e46f4301d5fbbc43f220715bc70bc') in 0.019960 seconds
  Import took 0.022037 seconds .

========================================================================
Received Import Request.
  Time since last request: 0.000302 seconds.
  path: Assets/Textures/Prototype/PNG/Green/texture_03.png
  artifactKey: Guid(f75588524ed23ac408266bb6ff864db5) Importer(815301076,1909f56bfc062723c751e8b465ee728b)
Start importing Assets/Textures/Prototype/PNG/Green/texture_03.png using Guid(f75588524ed23ac408266bb6ff864db5) Importer(815301076,1909f56bfc062723c751e8b465ee728b)  -> (artifact id: 'a7b06c5ef04dbb2495a467b6655040c0') in 0.024009 seconds
  Import took 0.026676 seconds .

========================================================================
Received Import Request.
  Time since last request: 0.000248 seconds.
  path: Assets/Textures/Prototype/PNG/Green/texture_08.png
  artifactKey: Guid(381193d742747e54c9bac0d8b9832885) Importer(815301076,1909f56bfc062723c751e8b465ee728b)
Start importing Assets/Textures/Prototype/PNG/Green/texture_08.png using Guid(381193d742747e54c9bac0d8b9832885) Importer(815301076,1909f56bfc062723c751e8b465ee728b)  -> (artifact id: '34f5da004835247fa52fb1ffeceb3b5e') in 0.033180 seconds
  Import took 0.036187 seconds .

========================================================================
Received Import Request.
  Time since last request: 0.000318 seconds.
  path: Assets/Textures/Prototype/PNG/Green/texture_11.png
  artifactKey: Guid(5b71f24a4e94b2544a269440a8b61afe) Importer(815301076,1909f56bfc062723c751e8b465ee728b)
Start importing Assets/Textures/Prototype/PNG/Green/texture_11.png using Guid(5b71f24a4e94b2544a269440a8b61afe) Importer(815301076,1909f56bfc062723c751e8b465ee728b)  -> (artifact id: '423938ce7df68d5d2f0fb3595bfee001') in 0.023798 seconds
  Import took 0.026378 seconds .

========================================================================
Received Import Request.
  Time since last request: 0.000255 seconds.
  path: Assets/Textures/Prototype/PNG/Green/texture_02.png
  artifactKey: Guid(79b0fe166a2a12749a14d460f4998471) Importer(815301076,1909f56bfc062723c751e8b465ee728b)
Start importing Assets/Textures/Prototype/PNG/Green/texture_02.png using Guid(79b0fe166a2a12749a14d460f4998471) Importer(815301076,1909f56bfc062723c751e8b465ee728b)  -> (artifact id: '4852ccdc20ed5e2a00aa201b3b64dd68') in 0.025618 seconds
  Import took 0.027857 seconds .

========================================================================
Received Import Request.
  Time since last request: 0.000232 seconds.
  path: Assets/Textures/Prototype/PNG/Green/texture_04.png
  artifactKey: Guid(1b2e71306a8fe87489987da4991bc5a0) Importer(815301076,1909f56bfc062723c751e8b465ee728b)
Start importing Assets/Textures/Prototype/PNG/Green/texture_04.png using Guid(1b2e71306a8fe87489987da4991bc5a0) Importer(815301076,1909f56bfc062723c751e8b465ee728b)  -> (artifact id: '7e145297f62970d86e75553b11466b5a') in 0.026925 seconds
  Import took 0.029076 seconds .

========================================================================
Received Import Request.
  Time since last request: 0.000341 seconds.
  path: Assets/Textures/Prototype/PNG/Green/texture_09.png
  artifactKey: Guid(22fcb4e174780194ab7f6557c8a39f83) Importer(815301076,1909f56bfc062723c751e8b465ee728b)
Start importing Assets/Textures/Prototype/PNG/Green/texture_09.png using Guid(22fcb4e174780194ab7f6557c8a39f83) Importer(815301076,1909f56bfc062723c751e8b465ee728b)  -> (artifact id: '9d268c373b8e90768fb8966528ce026b') in 0.023579 seconds
  Import took 0.026088 seconds .

========================================================================
Received Import Request.
  Time since last request: 0.000285 seconds.
  path: Assets/Textures/Prototype/PNG/Green/texture_10.png
  artifactKey: Guid(32e141cee3e00dd41a59b6a38a6a26bd) Importer(815301076,1909f56bfc062723c751e8b465ee728b)
Start importing Assets/Textures/Prototype/PNG/Green/texture_10.png using Guid(32e141cee3e00dd41a59b6a38a6a26bd) Importer(815301076,1909f56bfc062723c751e8b465ee728b)  -> (artifact id: '8c48d4b508325c7f3db110c6a0834696') in 0.021275 seconds
  Import took 0.023509 seconds .

========================================================================
Received Import Request.
  Time since last request: 0.000266 seconds.
  path: Assets/Textures/Prototype/PNG/Green/texture_13.png
  artifactKey: Guid(af0a8db7ebfa061409038708885dfac0) Importer(815301076,1909f56bfc062723c751e8b465ee728b)
Start importing Assets/Textures/Prototype/PNG/Green/texture_13.png using Guid(af0a8db7ebfa061409038708885dfac0) Importer(815301076,1909f56bfc062723c751e8b465ee728b)  -> (artifact id: 'bd2fc038ec07326b56f51790f44bad58') in 0.026023 seconds
  Import took 0.028190 seconds .

========================================================================
Received Import Request.
  Time since last request: 0.000314 seconds.
  path: Assets/Textures/Prototype/PNG/Green/texture_06.png
  artifactKey: Guid(e2475c57486c0c34ebbd791fdd9f58c5) Importer(815301076,1909f56bfc062723c751e8b465ee728b)
Start importing Assets/Textures/Prototype/PNG/Green/texture_06.png using Guid(e2475c57486c0c34ebbd791fdd9f58c5) Importer(815301076,1909f56bfc062723c751e8b465ee728b)  -> (artifact id: '08a65777ea9b5a5731297c7c699cc78d') in 0.024063 seconds
  Import took 0.030351 seconds .

========================================================================
Received Import Request.
  Time since last request: 0.000470 seconds.
  path: Assets/Textures/Prototype/PNG/Green/texture_12.png
  artifactKey: Guid(ce403b145532d6346bd67ab81b3fa5a6) Importer(815301076,1909f56bfc062723c751e8b465ee728b)
Start importing Assets/Textures/Prototype/PNG/Green/texture_12.png using Guid(ce403b145532d6346bd67ab81b3fa5a6) Importer(815301076,1909f56bfc062723c751e8b465ee728b)  -> (artifact id: 'a846c019061a07f426321e0ecdae61f1') in 0.025489 seconds
  Import took 0.028102 seconds .

========================================================================
Received Import Request.
  Time since last request: 0.000342 seconds.
  path: Assets/Textures/Prototype/PNG/Green/texture_05.png
  artifactKey: Guid(965b7808c10cf014d969583f17d8f0e7) Importer(815301076,1909f56bfc062723c751e8b465ee728b)
Start importing Assets/Textures/Prototype/PNG/Green/texture_05.png using Guid(965b7808c10cf014d969583f17d8f0e7) Importer(815301076,1909f56bfc062723c751e8b465ee728b)  -> (artifact id: 'd676bc99ef8d34c5f61208c85cd0bc72') in 0.024298 seconds
  Import took 0.027024 seconds .

========================================================================
Received Import Request.
  Time since last request: 37.325332 seconds.
  path: Assets/Textures/Prototype/PNG/Green/Materials/texture_01.mat
  artifactKey: Guid(179e3d4cb201dc44f86fa5340d8fd5cb) Importer(815301076,1909f56bfc062723c751e8b465ee728b)
Start importing Assets/Textures/Prototype/PNG/Green/Materials/texture_01.mat using Guid(179e3d4cb201dc44f86fa5340d8fd5cb) Importer(815301076,1909f56bfc062723c751e8b465ee728b)  -> (artifact id: '2a0f7c28988a35663dfde20a55b3a70e') in 0.113448 seconds
  Import took 0.116354 seconds .

========================================================================
Received Import Request.
  Time since last request: 0.000222 seconds.
  path: Assets/Textures/Prototype/PNG/Green/Materials/texture_02.mat
  artifactKey: Guid(cae72d43d348d20469c3dc5145fa5f06) Importer(815301076,1909f56bfc062723c751e8b465ee728b)
Start importing Assets/Textures/Prototype/PNG/Green/Materials/texture_02.mat using Guid(cae72d43d348d20469c3dc5145fa5f06) Importer(815301076,1909f56bfc062723c751e8b465ee728b)  -> (artifact id: '926c5febd7544961a21bf65641367f84') in 0.021163 seconds
  Import took 0.023512 seconds .

========================================================================
Received Import Request.
  Time since last request: 0.000272 seconds.
  path: Assets/Textures/Prototype/PNG/Green/Materials/texture_12.mat
  artifactKey: Guid(143282cf84b92814ab6c16839e0c3560) Importer(815301076,1909f56bfc062723c751e8b465ee728b)
Start importing Assets/Textures/Prototype/PNG/Green/Materials/texture_12.mat using Guid(143282cf84b92814ab6c16839e0c3560) Importer(815301076,1909f56bfc062723c751e8b465ee728b)  -> (artifact id: 'e4e618ec373bb9c9e8269e59f853cc65') in 0.019813 seconds
  Import took 0.022888 seconds .

========================================================================
Received Import Request.
  Time since last request: 0.000422 seconds.
  path: Assets/Textures/Prototype/PNG/Green/Materials/texture_01.mat
  artifactKey: Guid(179e3d4cb201dc44f86fa5340d8fd5cb) Importer(815301076,1909f56bfc062723c751e8b465ee728b)
Start importing Assets/Textures/Prototype/PNG/Green/Materials/texture_01.mat using Guid(179e3d4cb201dc44f86fa5340d8fd5cb) Importer(815301076,1909f56bfc062723c751e8b465ee728b)  -> (artifact id: '2a0f7c28988a35663dfde20a55b3a70e') in 0.037955 seconds
  Import took 0.041329 seconds .

========================================================================
Received Import Request.
  Time since last request: 0.000498 seconds.
  path: Assets/Textures/Prototype/PNG/Green/Materials/texture_02.mat
  artifactKey: Guid(cae72d43d348d20469c3dc5145fa5f06) Importer(815301076,1909f56bfc062723c751e8b465ee728b)
Start importing Assets/Textures/Prototype/PNG/Green/Materials/texture_02.mat using Guid(cae72d43d348d20469c3dc5145fa5f06) Importer(815301076,1909f56bfc062723c751e8b465ee728b)  -> (artifact id: '926c5febd7544961a21bf65641367f84') in 0.023123 seconds
  Import took 0.025982 seconds .

========================================================================
Received Import Request.
  Time since last request: 0.000325 seconds.
  path: Assets/Textures/Prototype/PNG/Green/Materials/texture_08.mat
  artifactKey: Guid(ab86b99336a260143b99d14eeccc17d4) Importer(815301076,1909f56bfc062723c751e8b465ee728b)
Start importing Assets/Textures/Prototype/PNG/Green/Materials/texture_08.mat using Guid(ab86b99336a260143b99d14eeccc17d4) Importer(815301076,1909f56bfc062723c751e8b465ee728b)  -> (artifact id: '9f82e4ea2f32bd6c7a609ddc0d7036ce') in 0.026768 seconds
  Import took 0.030017 seconds .

========================================================================
Received Import Request.
  Time since last request: 13.394943 seconds.
  path: Assets/Textures/Prototype/PNG/Green/Materials
  artifactKey: Guid(78abe06fb6910494b93f3d2946499d7f) Importer(815301076,1909f56bfc062723c751e8b465ee728b)
Start importing Assets/Textures/Prototype/PNG/Green/Materials using Guid(78abe06fb6910494b93f3d2946499d7f) Importer(815301076,1909f56bfc062723c751e8b465ee728b)  -> (artifact id: '199b13217f1ab8a76c84a0399697e4f4') in 0.009007 seconds
  Import took 0.011372 seconds .

========================================================================
Received Import Request.
  Time since last request: 9.941094 seconds.
  path: Assets/Materials
  artifactKey: Guid(6655dc414b18c9f458674a254dc1806d) Importer(815301076,1909f56bfc062723c751e8b465ee728b)
Start importing Assets/Materials using Guid(6655dc414b18c9f458674a254dc1806d) Importer(815301076,1909f56bfc062723c751e8b465ee728b)  -> (artifact id: '07ce63c32765d958f8c4f36846db49fa') in 0.002684 seconds
  Import took 0.004948 seconds .

========================================================================
Received Import Request.
  Time since last request: 36.270408 seconds.
  path: Assets/Materials/Ground.mat
  artifactKey: Guid(179e3d4cb201dc44f86fa5340d8fd5cb) Importer(815301076,1909f56bfc062723c751e8b465ee728b)
Start importing Assets/Materials/Ground.mat using Guid(179e3d4cb201dc44f86fa5340d8fd5cb) Importer(815301076,1909f56bfc062723c751e8b465ee728b)  -> (artifact id: 'df2ace48fd135c6f13dc691ba3c08d6d') in 0.023740 seconds
  Import took 0.026283 seconds .

========================================================================
Received Import Request.
  Time since last request: 3.007098 seconds.
  path: Assets/Textures/Prototype/PNG/Purple/texture_01.png
  artifactKey: Guid(75e80e317e270194eb327491a281f213) Importer(815301076,1909f56bfc062723c751e8b465ee728b)
Start importing Assets/Textures/Prototype/PNG/Purple/texture_01.png using Guid(75e80e317e270194eb327491a281f213) Importer(815301076,1909f56bfc062723c751e8b465ee728b)  -> (artifact id: 'c188b3126223d3ecc44d286984baeb20') in 0.016592 seconds
  Import took 0.019482 seconds .

========================================================================
Received Import Request.
  Time since last request: 0.000325 seconds.
  path: Assets/Textures/Prototype/PNG/Dark/texture_01.png
  artifactKey: Guid(b02edd9071f8cfb48b4f6d0aaf058145) Importer(815301076,1909f56bfc062723c751e8b465ee728b)
Start importing Assets/Textures/Prototype/PNG/Dark/texture_01.png using Guid(b02edd9071f8cfb48b4f6d0aaf058145) Importer(815301076,1909f56bfc062723c751e8b465ee728b)  -> (artifact id: '7a9a3905b35ac18c4d60f5a9a9af92cc') in 0.015307 seconds
  Import took 0.018188 seconds .

========================================================================
Received Import Request.
  Time since last request: 0.000303 seconds.
  path: Assets/Textures/Prototype/PNG/Purple/texture_01.png
  artifactKey: Guid(75e80e317e270194eb327491a281f213) Importer(815301076,1909f56bfc062723c751e8b465ee728b)
Start importing Assets/Textures/Prototype/PNG/Purple/texture_01.png using Guid(75e80e317e270194eb327491a281f213) Importer(815301076,1909f56bfc062723c751e8b465ee728b)  -> (artifact id: 'c188b3126223d3ecc44d286984baeb20') in 0.010096 seconds
  Import took 0.013427 seconds .

========================================================================
Received Import Request.
  Time since last request: 0.000272 seconds.
  path: Assets/Textures/Prototype/PNG/Orange/texture_02.png
  artifactKey: Guid(34b1ae8f8241ad24a953f09d9184c7a1) Importer(815301076,1909f56bfc062723c751e8b465ee728b)
Start importing Assets/Textures/Prototype/PNG/Orange/texture_02.png using Guid(34b1ae8f8241ad24a953f09d9184c7a1) Importer(815301076,1909f56bfc062723c751e8b465ee728b)  -> (artifact id: '24b3bd17e0c60b89f1256275eec38415') in 0.029277 seconds
  Import took 0.039558 seconds .

========================================================================
Received Import Request.
  Time since last request: 0.000424 seconds.
  path: Assets/Textures/Prototype/PNG/Purple/texture_02.png
  artifactKey: Guid(dbb281d0325fb244cada1f2ba6fa1c31) Importer(815301076,1909f56bfc062723c751e8b465ee728b)
Start importing Assets/Textures/Prototype/PNG/Purple/texture_02.png using Guid(dbb281d0325fb244cada1f2ba6fa1c31) Importer(815301076,1909f56bfc062723c751e8b465ee728b)  -> (artifact id: '28e91acdb02e16fd699818bfc24f844a') in 0.016503 seconds
  Import took 0.019381 seconds .

========================================================================
Received Import Request.
  Time since last request: 0.000338 seconds.
  path: Assets/Textures/Prototype/PNG/Orange/texture_01.png
  artifactKey: Guid(74b22b1cfba6d74479e592f71137cc4f) Importer(815301076,1909f56bfc062723c751e8b465ee728b)
Start importing Assets/Textures/Prototype/PNG/Orange/texture_01.png using Guid(74b22b1cfba6d74479e592f71137cc4f) Importer(815301076,1909f56bfc062723c751e8b465ee728b)  -> (artifact id: '8990bdb735d24fd838e77562dc2bfa22') in 0.018524 seconds
  Import took 0.021132 seconds .

========================================================================
Received Import Request.
  Time since last request: 0.000253 seconds.
  path: Assets/Textures/Prototype/PNG/Red/texture_02.png
  artifactKey: Guid(721e095b3eda2614dae8d4a7d682eb8e) Importer(815301076,1909f56bfc062723c751e8b465ee728b)
Start importing Assets/Textures/Prototype/PNG/Red/texture_02.png using Guid(721e095b3eda2614dae8d4a7d682eb8e) Importer(815301076,1909f56bfc062723c751e8b465ee728b)  -> (artifact id: 'b4e1fc5e08d616af8ca96e47a3881e3d') in 0.018253 seconds
  Import took 0.020946 seconds .

========================================================================
Received Import Request.
  Time since last request: 0.000345 seconds.
  path: Assets/Textures/Prototype/PNG/Dark/texture_02.png
  artifactKey: Guid(b605aad51ccfa7e49b5a73713cb00ed7) Importer(815301076,1909f56bfc062723c751e8b465ee728b)
Start importing Assets/Textures/Prototype/PNG/Dark/texture_02.png using Guid(b605aad51ccfa7e49b5a73713cb00ed7) Importer(815301076,1909f56bfc062723c751e8b465ee728b)  -> (artifact id: '0217afc53b85f399dd6b25f3e062ed70') in 0.018736 seconds
  Import took 0.021935 seconds .

========================================================================
Received Import Request.
  Time since last request: 0.000268 seconds.
  path: Assets/Textures/Prototype/PNG/Light/texture_01.png
  artifactKey: Guid(b98189bdc7e2cdc4c921d4c0a9660590) Importer(815301076,1909f56bfc062723c751e8b465ee728b)
Start importing Assets/Textures/Prototype/PNG/Light/texture_01.png using Guid(b98189bdc7e2cdc4c921d4c0a9660590) Importer(815301076,1909f56bfc062723c751e8b465ee728b)  -> (artifact id: '740b9aaef7d99b9722ebcf6933ed5109') in 0.017663 seconds
  Import took 0.021048 seconds .

========================================================================
Received Import Request.
  Time since last request: 0.516127 seconds.
  path: Assets/Textures/Prototype/PNG/Light/texture_02.png
  artifactKey: Guid(a8d8097cd656b2241b1402052171e91f) Importer(815301076,1909f56bfc062723c751e8b465ee728b)
Start importing Assets/Textures/Prototype/PNG/Light/texture_02.png using Guid(a8d8097cd656b2241b1402052171e91f) Importer(815301076,1909f56bfc062723c751e8b465ee728b)  -> (artifact id: '7455f8c4b8e17e4fb84750406bc0306a') in 0.015384 seconds
  Import took 0.017979 seconds .

========================================================================
Received Import Request.
  Time since last request: 0.009031 seconds.
  path: Assets/Textures/Prototype/PNG/Orange/texture_03.png
  artifactKey: Guid(8fdaa56cff5a60a42971e5ba23a25289) Importer(815301076,1909f56bfc062723c751e8b465ee728b)
Start importing Assets/Textures/Prototype/PNG/Orange/texture_03.png using Guid(8fdaa56cff5a60a42971e5ba23a25289) Importer(815301076,1909f56bfc062723c751e8b465ee728b)  -> (artifact id: 'e2b4e3460aa3e80e64e3177874bfcf7e') in 0.014968 seconds
  Import took 0.017630 seconds .

========================================================================
Received Import Request.
  Time since last request: 0.000257 seconds.
  path: Assets/Textures/Prototype/PNG/Dark/texture_03.png
  artifactKey: Guid(b4cf882a579365a49b08e2c7e48133dc) Importer(815301076,1909f56bfc062723c751e8b465ee728b)
Start importing Assets/Textures/Prototype/PNG/Dark/texture_03.png using Guid(b4cf882a579365a49b08e2c7e48133dc) Importer(815301076,1909f56bfc062723c751e8b465ee728b)  -> (artifact id: '44f4164db5c38f8105ec4bedce038a47') in 0.014092 seconds
  Import took 0.016671 seconds .

========================================================================
Received Import Request.
  Time since last request: 0.047376 seconds.
  path: Assets/Textures/Prototype/PNG/Purple/texture_03.png
  artifactKey: Guid(346d88397eafaac46a8fec3f2f9a3c8c) Importer(815301076,1909f56bfc062723c751e8b465ee728b)
Start importing Assets/Textures/Prototype/PNG/Purple/texture_03.png using Guid(346d88397eafaac46a8fec3f2f9a3c8c) Importer(815301076,1909f56bfc062723c751e8b465ee728b)  -> (artifact id: '537345eefc59f408537c62db84a6676a') in 0.019720 seconds
  Import took 0.022337 seconds .

========================================================================
Received Import Request.
  Time since last request: 0.000304 seconds.
  path: Assets/Textures/Prototype/PNG/Light/texture_03.png
  artifactKey: Guid(80f4544c4eee0b04e87d510cf6f2b876) Importer(815301076,1909f56bfc062723c751e8b465ee728b)
Start importing Assets/Textures/Prototype/PNG/Light/texture_03.png using Guid(80f4544c4eee0b04e87d510cf6f2b876) Importer(815301076,1909f56bfc062723c751e8b465ee728b)  -> (artifact id: 'f81370480a1d150b3b1e3b148262b152') in 0.022941 seconds
  Import took 0.025386 seconds .

========================================================================
Received Import Request.
  Time since last request: 0.000335 seconds.
  path: Assets/Textures/Prototype/PNG/Red/texture_03.png
  artifactKey: Guid(82831018a394b9a408ed481b235505c6) Importer(815301076,1909f56bfc062723c751e8b465ee728b)
Start importing Assets/Textures/Prototype/PNG/Red/texture_03.png using Guid(82831018a394b9a408ed481b235505c6) Importer(815301076,1909f56bfc062723c751e8b465ee728b)  -> (artifact id: 'e6a5f4874a70aaa695a81eaab3f3543d') in 0.015036 seconds
  Import took 0.018035 seconds .

========================================================================
Received Import Request.
  Time since last request: 14.304117 seconds.
  path: Assets/Script
  artifactKey: Guid(39bc39b4d42eb8541830fd35352a0316) Importer(815301076,1909f56bfc062723c751e8b465ee728b)
Start importing Assets/Script using Guid(39bc39b4d42eb8541830fd35352a0316) Importer(815301076,1909f56bfc062723c751e8b465ee728b)  -> (artifact id: 'c4d114fa92ecf63683269582f1e790e8') in 0.008146 seconds
  Import took 0.010413 seconds .

========================================================================
Received Import Request.
  Time since last request: 21.267495 seconds.
  path: Assets/Script/Gladiator.cs
  artifactKey: Guid(2539dfd12e80e0547b16e5b2c840ba4c) Importer(815301076,1909f56bfc062723c751e8b465ee728b)
Start importing Assets/Script/Gladiator.cs using Guid(2539dfd12e80e0547b16e5b2c840ba4c) Importer(815301076,1909f56bfc062723c751e8b465ee728b)  -> (artifact id: '8700a253e04b61aa2bd8c498ba69441e') in 0.011288 seconds
  Import took 0.014176 seconds .

========================================================================
Received Prepare
Registering precompiled user dll's ...
Registered in 0.000825 seconds.
Begin MonoManager ReloadAssembly
Native extension for LinuxStandalone target not found
Native extension for WindowsStandalone target not found
Native extension for OSXStandalone target not found
Native extension for WebGL target not found
Refreshing native plugins compatible for Editor in 0.27 ms, found 0 plugins.
Preloading 0 native plugins for Editor in 0.00 ms.
Invoked RoslynAnalysisRunner static constructor.
RoslynAnalysisRunner will not be running.
RoslynAnalysisRunner has terminated.
Mono: successfully reloaded assembly
- Completed reload, in  0.927 seconds
Platform modules already initialized, skipping
Refreshing native plugins compatible for Editor in 0.30 ms, found 0 plugins.
Preloading 0 native plugins for Editor in 0.00 ms.
Unloading 1109 Unused Serialized files (Serialized files now loaded: 0)
System memory in use before: 60.5 MB.
System memory in use after: 60.6 MB.

Unloading 5 unused Assets to reduce memory usage. Loaded Objects now: 1602.
Total: 1.939700 ms (FindLiveObjects: 0.171900 ms CreateObjectMapping: 0.029700 ms MarkObjects: 1.670000 ms  DeleteObjects: 0.066600 ms)

========================================================================
Received Import Request.
  Time since last request: 1011.851880 seconds.
  path: Assets/Models
  artifactKey: Guid(e56a72536a4004b46921ff965d29001f) Importer(815301076,1909f56bfc062723c751e8b465ee728b)
Start importing Assets/Models using Guid(e56a72536a4004b46921ff965d29001f) Importer(815301076,1909f56bfc062723c751e8b465ee728b)  -> (artifact id: '9cf94578b4bd98192eb010bae5dcd6de') in 0.014477 seconds
  Import took 0.016945 seconds .

========================================================================
Received Import Request.
  Time since last request: 0.063849 seconds.
  path: Assets/Models/Gladiator.blend
  artifactKey: Guid(9a11d9cd98b695e4aa3b0ddf1e232a3f) Importer(815301076,1909f56bfc062723c751e8b465ee728b)
Start importing Assets/Models/Gladiator.blend using Guid(9a11d9cd98b695e4aa3b0ddf1e232a3f) Importer(815301076,1909f56bfc062723c751e8b465ee728b)  -> (artifact id: 'c7bdd0ebf359c01eeafa5d900408806c') in 0.139050 seconds
  Import took 0.164884 seconds .

AssetImportWorkerClient::OnTransportError - code=2 error=End of file
